>> Centroides de los clusters

 12.414 21.088 54.263 65.685 17.501 15.406 60.939 75.835 10.436 28.440 68.212 71.900 39.802 54.000 67.969 63.952 18.184 64.970 69.477 13.900 12.414 21.088 54.263 65.685 17.501 15.406 60.939 75.835 10.436 28.440 68.212 71.900 39.802 54.000 67.969 63.952 18.184 64.970 69.477 13.900
 74.855 31.325 31.065 45.518 33.603 65.858 34.441 16.465 19.704 39.660 85.732 13.777 26.122 39.978 58.666 75.901 20.409 73.989 56.451 75.614 74.855 31.325 31.065 45.518 33.603 65.858 34.441 16.465 19.704 39.660 85.732 13.777 26.122 39.978 58.666 75.901 20.409 73.989 56.451 75.614
 42.860 29.318 25.224 33.133 58.940 35.068 47.722 78.397 39.436 66.498 47.245 34.181 20.858 83.740 43.950 59.313 53.696 36.405 43.058 43.999 42.860 29.318 25.224 33.133 58.940 35.068 47.722 78.397 39.436 66.498 47.245 34.181 20.858 83.740 43.950 59.313 53.696 36.405 43.058 43.999
 47.877 82.761 69.227 63.581 12.702 57.257 47.191 40.059  9.270 50.234 87.567 76.728 86.048 66.920 35.201 14.427 57.075 32.274 69.683 91.039 47.877 82.761 69.227 63.581 12.702 57.257 47.191 40.059  9.270 50.234 87.567 76.728 86.048 66.920 35.201 14.427 57.075 32.274 69.683 91.039
 72.894 82.039 49.452 31.573 33.076 36.908 76.033 25.892 60.668 42.862 12.174 75.112 51.440 13.837 21.181 67.858 80.419 80.427 15.757 86.003 72.894 82.039 49.452 31.573 33.076 36.908 76.033 25.892 60.668 42.862 12.174 75.112 51.440 13.837 21.181 67.858 80.419 80.427 15.757 86.003
 62.408 44.668 32.066 67.739 53.017 38.224 66.930 37.981 63.119 30.974 55.247 29.443 44.723 58.169 67.586 44.413 53.598 33.422 59.059 69.523 62.408 44.668 32.066 67.739 53.017 38.224 66.930 37.981 63.119 30.974 55.247 29.443 44.723 58.169 67.586 44.413 53.598 33.422 59.059 69.523
 48.160 14.402 87.612 59.788 66.113 74.706 61.032 75.455 66.458 61.188 69.211 80.686 10.790 19.153 68.019 23.309 41.113 49.269 43.716 23.982 48.160 14.402 87.612 59.788 66.113 74.706 61.032 75.455 66.458 61.188 69.211 80.686 10.790 19.153 68.019 23.309 41.113 49.269 43.716 23.982
 61.038 66.582 53.190 54.766 60.004 75.875 53.119 71.494 57.676 38.787 61.646 35.897 55.392 57.735 33.819 40.632 53.259 64.010 33.242 50.868 61.038 66.582 53.190 54.766 60.004 75.875 53.119 71.494 57.676 38.787 61.646 35.897 55.392 57.735 33.819 40.632 53.259 64.010 33.242 50.868
 67.140 13.596 80.141 80.320 58.023 78.922 53.201 68.934 12.165 53.091 30.035 77.767 86.231 10.549 67.676 42.147 87.968 74.753 38.936 34.359 67.140 13.596 80.141 80.320 58.023 78.922 53.201 68.934 12.165 53.091 30.035 77.767 86.231 10.549 67.676 42.147 87.968 74.753 38.936 34.359
 37.822 48.041 44.681 47.035 76.367 31.092 81.744 31.674 28.024 26.024 63.144 82.850 81.887 27.714 45.636 14.133 26.414 29.180 80.595 70.063 37.822 48.041 44.681 47.035 76.367 31.092 81.744 31.674 28.024 26.024 63.144 82.850 81.887 27.714 45.636 14.133 26.414 29.180 80.595 70.063
 67.097 43.740 66.592 47.162 43.515 45.689 40.894 36.696 37.188 25.774 35.843 66.605 83.750 17.851 30.770 38.928 39.976 49.367 26.990 35.055 67.097 43.740 66.592 47.162 43.515 45.689 40.894 36.696 37.188 25.774 35.843 66.605 83.750 17.851 30.770 38.928 39.976 49.367 26.990 35.055
 44.209 86.231 35.480 67.089 81.516 28.315 51.917 43.512 49.470 73.845 53.789 26.648 85.310 18.591 58.248 16.101 16.109 22.340 27.539 53.165 44.209 86.231 35.480 67.089 81.516 28.315 51.917 43.512 49.470 73.845 53.789 26.648 85.310 18.591 58.248 16.101 16.109 22.340 27.539 53.165
 65.179 52.798 53.511 64.258 63.919 33.181 56.675 65.505 69.240 66.429 37.831 71.013 50.701 54.848 72.640 60.961 52.605 57.376 48.802 58.535 65.179 52.798 53.511 64.258 63.919 33.181 56.675 65.505 69.240 66.429 37.831 71.013 50.701 54.848 72.640 60.961 52.605 57.376 48.802 58.535
 35.025 64.204 47.158 78.306 10.146 22.143 32.325 56.508 71.128 14.500 19.836 54.941 10.300 18.875 17.159 55.787 24.098 33.415 43.634 43.857 35.025 64.204 47.158 78.306 10.146 22.143 32.325 56.508 71.128 14.500 19.836 54.941 10.300 18.875 17.159 55.787 24.098 33.415 43.634 43.857
 80.557 62.638 76.675 25.230 34.357 49.933 51.672 63.424 78.247 21.912 72.823 48.123 52.096 70.586 29.786 85.894 54.172 41.563 82.174 76.079 80.557 62.638 76.675 25.230 34.357 49.933 51.672 63.424 78.247 21.912 72.823 48.123 52.096 70.586 29.786 85.894 54.172 41.563 82.174 76.079
 33.305 17.685  8.479 13.493 17.260 39.518 18.112 57.891 22.690 78.562 20.465 80.802  9.593 65.865 34.353 66.730 76.027 48.418 52.426 91.231 33.305 17.685  8.479 13.493 17.260 39.518 18.112 57.891 22.690 78.562 20.465 80.802  9.593 65.865 34.353 66.730 76.027 48.418 52.426 91.231
 39.839 79.394 37.072 13.569 46.571 83.688 38.919 72.597 85.905 78.255 85.352 62.372 54.539 40.195 88.209 82.739 63.439 30.114 69.127 59.894 39.839 79.394 37.072 13.569 46.571 83.688 38.919 72.597 85.905 78.255 85.352 62.372 54.539 40.195 88.209 82.739 63.439 30.114 69.127 59.894
 65.647 86.777 33.316 18.201 40.137 45.946 23.033 55.123 22.243 19.285 17.637 18.472 44.561 71.660 36.942 57.089 52.314 57.504 67.254 46.068 65.647 86.777 33.316 18.201 40.137 45.946 23.033 55.123 22.243 19.285 17.637 18.472 44.561 71.660 36.942 57.089 52.314 57.504 67.254 46.068
 42.672 39.279 85.271 12.048 66.494 74.605 18.340 51.320 17.519 64.381 45.503 70.003 66.828 75.099 46.749 75.059 50.995 62.271 70.254 29.159 42.672 39.279 85.271 12.048 66.494 74.605 18.340 51.320 17.519 64.381 45.503 70.003 66.828 75.099 46.749 75.059 50.995 62.271 70.254 29.159
 60.123 19.084 62.888 47.101 64.449 50.126 84.455 51.460 36.053 62.076 27.053 62.824 59.477 46.219 26.221 82.279 34.976 70.676 85.748 61.527 60.123 19.084 62.888 47.101 64.449 50.126 84.455 51.460 36.053 62.076 27.053 62.824 59.477 46.219 26.221 82.279 34.976 70.676 85.748 61.527
 37.294 43.555 65.504 53.667 16.337 23.278 52.825 59.482 70.455 69.027 45.489 30.715 31.274 38.790 33.574 16.152 67.689 64.794 40.429 40.179 37.294 43.555 65.504 53.667 16.337 23.278 52.825 59.482 70.455 69.027 45.489 30.715 31.274 38.790 33.574 16.152 67.689 64.794 40.429 40.179
 39.926 19.701 68.586 38.400 25.888 58.154 50.259 37.339 65.167 24.225 56.474 47.977 29.247 80.058 60.384 17.385 64.181 62.584 82.804 46.832 39.926 19.701 68.586 38.400 25.888 58.154 50.259 37.339 65.167 24.225 56.474 47.977 29.247 80.058 60.384 17.385 64.181 62.584 82.804 46.832
 37.377 29.961 77.509 16.415 87.020 23.300 36.838 30.111 11.386 45.650 17.115 54.454 43.039 54.351 37.247 46.287 22.066 77.258 20.729 37.957 37.377 29.961 77.509 16.415 87.020 23.300 36.838 30.111 11.386 45.650 17.115 54.454 43.039 54.351 37.247 46.287 22.066 77.258 20.729 37.957
 77.101 64.363 58.590 78.081 29.045 50.086 44.011 88.293 23.486 12.127 12.807 69.502 20.761 35.003 44.457 63.743 24.721 70.822 58.722 48.345 77.101 64.363 58.590 78.081 29.045 50.086 44.011 88.293 23.486 12.127 12.807 69.502 20.761 35.003 44.457 63.743 24.721 70.822 58.722 48.345
 72.283 28.765 33.739 30.491 25.704 82.635 83.759 28.218 54.408 67.190 30.638 34.732 61.131 62.102 30.255 50.535 47.539 63.788 45.039 42.184 72.283 28.765 33.739 30.491 25.704 82.635 83.759 28.218 54.408 67.190 30.638 34.732 61.131 62.102 30.255 50.535 47.539 63.788 45.039 42.184
 39.057 37.341 46.496 46.726 45.920 47.169 26.953 73.348 41.334 32.224 47.545 34.999 55.839 38.772 72.586 41.096 61.266 49.703 48.875 67.662 39.057 37.341 46.496 46.726 45.920 47.169 26.953 73.348 41.334 32.224 47.545 34.999 55.839 38.772 72.586 41.096 61.266 49.703 48.875 67.662
 26.690 52.297 50.913 30.969 26.946 50.363 68.560 53.427 62.662 83.213 71.525 26.334 83.038 27.620 82.307 45.327 75.490 38.758 16.692 27.168 26.690 52.297 50.913 30.969 26.946 50.363 68.560 53.427 62.662 83.213 71.525 26.334 83.038 27.620 82.307 45.327 75.490 38.758 16.692 27.168
 27.196 44.968 61.620 22.671 66.243 17.675 79.456 45.932 52.173 21.918 48.213 62.131 31.378 70.484 47.695 48.172 56.839 42.983 50.117 69.475 27.196 44.968 61.620 22.671 66.243 17.675 79.456 45.932 52.173 21.918 48.213 62.131 31.378 70.484 47.695 48.172 56.839 42.983 50.117 69.475
 40.585 59.282 87.898 35.913 13.308 41.631 37.410 29.546 32.250 68.810 73.987 67.102 11.929 39.224 38.001 11.558 62.424 42.889 21.098 15.262 40.585 59.282 87.898 35.913 13.308 41.631 37.410 29.546 32.250 68.810 73.987 67.102 11.929 39.224 38.001 11.558 62.424 42.889 21.098 15.262
 71.206 76.948 38.606 64.863 30.618 49.590 69.214 38.864 67.738 63.204 65.524 55.640 15.694 80.756 27.063 25.663 12.370 76.579 58.660 11.179 71.206 76.948 38.606 64.863 30.618 49.590 69.214 38.864 67.738 63.204 65.524 55.640 15.694 80.756 27.063 25.663 12.370 76.579 58.660 11.179
 83.281 47.664 71.549 79.456 62.251 45.450 25.043 55.523 21.259 55.672 29.088 33.187 57.527 25.036 38.479 22.228 30.265 30.585 60.412 29.701 83.281 47.664 71.549 79.456 62.251 45.450 25.043 55.523 21.259 55.672 29.088 33.187 57.527 25.036 38.479 22.228 30.265 30.585 60.412 29.701
 59.059 60.011 27.276 44.611 71.688 69.499 38.929 28.589 65.428 72.915 44.559 47.861 48.232 24.241 34.420 29.759 67.068 52.800 71.672 25.903 59.059 60.011 27.276 44.611 71.688 69.499 38.929 28.589 65.428 72.915 44.559 47.861 48.232 24.241 34.420 29.759 67.068 52.800 71.672 25.903
 13.236 45.353 28.650 51.733 70.576 28.348 30.699 89.699 69.138 69.978 60.985 49.601 62.670 67.066 27.540 34.264 19.652 64.515 24.689 81.142 13.236 45.353 28.650 51.733 70.576 28.348 30.699 89.699 69.138 69.978 60.985 49.601 62.670 67.066 27.540 34.264 19.652 64.515 24.689 81.142
 25.789 58.763 68.671 27.400 39.614 19.398 47.970 59.640 36.861 69.752 49.839 69.140 85.292 74.963 57.904 70.554 52.376 45.632 30.432 75.117 25.789 58.763 68.671 27.400 39.614 19.398 47.970 59.640 36.861 69.752 49.839 69.140 85.292 74.963 57.904 70.554 52.376 45.632 30.432 75.117
 33.070 86.278 63.628 49.599 58.262 43.835 75.985 82.254 34.634 77.246 11.490 71.468 52.542 84.352 39.474 11.812 10.316 45.375 33.217 50.316 33.070 86.278 63.628 49.599 58.262 43.835 75.985 82.254 34.634 77.246 11.490 71.468 52.542 84.352 39.474 11.812 10.316 45.375 33.217 50.316
 16.644 82.736 74.089 83.978 19.883 40.215 82.810 57.629 57.713 78.211 21.645 21.692 65.132 57.115 30.071  9.437 81.886 74.106 73.969 88.280 16.644 82.736 74.089 83.978 19.883 40.215 82.810 57.629 57.713 78.211 21.645 21.692 65.132 57.115 30.071  9.437 81.886 74.106 73.969 88.280
 52.712 80.912 51.316 30.560 22.159 49.214 40.428 66.476 44.230 79.483 26.717 48.738 44.959 22.664 48.753 30.266 22.582 28.953 35.398 89.895 52.712 80.912 51.316 30.560 22.159 49.214 40.428 66.476 44.230 79.483 26.717 48.738 44.959 22.664 48.753 30.266 22.582 28.953 35.398 89.895
 87.719 61.573 72.523 90.711 14.911 70.068 89.666 37.696 73.166 91.155 81.232 59.100 14.831 22.815 53.003 48.278 13.768 46.554 36.238 88.564 87.719 61.573 72.523 90.711 14.911 70.068 89.666 37.696 73.166 91.155 81.232 59.100 14.831 22.815 53.003 48.278 13.768 46.554 36.238 88.564
 15.539 49.811 54.666 85.175 85.963 16.069 54.505 46.340 75.667 67.908 73.684 21.269 72.439 31.430 66.421 88.002 65.856 37.508 85.499 46.770 15.539 49.811 54.666 85.175 85.963 16.069 54.505 46.340 75.667 67.908 73.684 21.269 72.439 31.430 66.421 88.002 65.856 37.508 85.499 46.770
 50.485 77.525 54.435 66.636 66.172 31.484 21.336 27.575 67.888 27.774 29.913 76.091 70.361 17.084 87.737 20.582 36.383 75.148 81.416 30.498 50.485 77.525 54.435 66.636 66.172 31.484 21.336 27.575 67.888 27.774 29.913 76.091 70.361 17.084 87.737 20.582 36.383 75.148 81.416 30.498
 31.325 62.136 42.835 43.237 82.856 30.974 78.142 26.251 39.372 55.654 11.713 37.000 57.271 36.668 30.761 84.339 72.854 30.221 22.304 30.844 31.325 62.136 42.835 43.237 82.856 30.974 78.142 26.251 39.372 55.654 11.713 37.000 57.271 36.668 30.761 84.339 72.854 30.221 22.304 30.844
 37.917 14.438 31.040 77.134 55.757 65.685 39.653 27.200 44.607 28.604 30.589 85.189 42.604 47.289 23.774 27.426 46.359 68.478 41.485 70.300 37.917 14.438 31.040 77.134 55.757 65.685 39.653 27.200 44.607 28.604 30.589 85.189 42.604 47.289 23.774 27.426 46.359 68.478 41.485 70.300
 62.442 56.277 82.783 21.499 62.511 61.458 19.069 26.834 61.102 67.095 21.856 23.253 51.879 72.409 45.557 62.245 54.046 76.254 31.400 32.241 62.442 56.277 82.783 21.499 62.511 61.458 19.069 26.834 61.102 67.095 21.856 23.253 51.879 72.409 45.557 62.245 54.046 76.254 31.400 32.241
 25.869 27.710 42.980 65.993 29.113 12.991 81.971 25.436 51.503 87.465 33.836 32.180 41.549 85.727 75.289 47.427 28.473 27.329 30.841 36.965 25.869 27.710 42.980 65.993 29.113 12.991 81.971 25.436 51.503 87.465 33.836 32.180 41.549 85.727 75.289 47.427 28.473 27.329 30.841 36.965
 33.006 56.740 71.380 65.622 47.583 66.721 57.267 52.986 31.705 61.974 56.757 40.129 32.064 40.791 45.755 70.416 52.770 41.094 52.526 60.410 33.006 56.740 71.380 65.622 47.583 66.721 57.267 52.986 31.705 61.974 56.757 40.129 32.064 40.791 45.755 70.416 52.770 41.094 52.526 60.410
 62.255 38.891 38.362 49.435 54.871 30.945 65.960 58.533 57.212 48.108 67.520 49.360 34.553 33.685 29.349 50.838 52.442 50.997 25.065 28.944 62.255 38.891 38.362 49.435 54.871 30.945 65.960 58.533 57.212 48.108 67.520 49.360 34.553 33.685 29.349 50.838 52.442 50.997 25.065 28.944
 43.708 86.289 75.018 61.425 40.788 50.599 43.191 25.864 69.872 17.127 56.579 66.039 23.787 76.387 50.257 57.123 22.975 13.954 44.630 63.548 43.708 86.289 75.018 61.425 40.788 50.599 43.191 25.864 69.872 17.127 56.579 66.039 23.787 76.387 50.257 57.123 22.975 13.954 44.630 63.548
 71.081 37.424 19.812 45.081 75.624 71.164 44.830 79.387 12.865 69.247 86.874 51.554 42.761 58.437 83.368 79.335 65.536 65.431 44.221 37.653 71.081 37.424 19.812 45.081 75.624 71.164 44.830 79.387 12.865 69.247 86.874 51.554 42.761 58.437 83.368 79.335 65.536 65.431 44.221 37.653
 88.555 62.339 65.822 21.140 46.504 88.865 38.319 85.769 31.030 66.526 37.179 78.389 39.024 34.297 44.413  9.743 69.212 48.211 82.142 71.409 88.555 62.339 65.822 21.140 46.504 88.865 38.319 85.769 31.030 66.526 37.179 78.389 39.024 34.297 44.413  9.743 69.212 48.211 82.142 71.409
 53.731 38.565 53.879 58.697 77.969 30.392 31.970 35.988 77.776 42.063 47.907 24.044 84.638 43.410 21.830 82.841 72.315 54.966 19.168 51.404 53.731 38.565 53.879 58.697 77.969 30.392 31.970 35.988 77.776 42.063 47.907 24.044 84.638 43.410 21.830 82.841 72.315 54.966 19.168 51.404
 22.866 59.760 20.907 54.409 13.454 75.358 21.929 27.329 68.461 81.855 11.913 45.159 56.912 20.479 55.153 48.363 27.845 42.491 62.224 69.780 22.866 59.760 20.907 54.409 13.454 75.358 21.929 27.329 68.461 81.855 11.913 45.159 56.912 20.479 55.153 48.363 27.845 42.491 62.224 69.780
 47.637 20.698 49.233 20.017 65.166 81.886 57.699 10.389 52.504 11.255 40.229 41.046 62.636 52.511 84.005 41.106 64.187 82.428 46.044 68.844 47.637 20.698 49.233 20.017 65.166 81.886 57.699 10.389 52.504 11.255 40.229 41.046 62.636 52.511 84.005 41.106 64.187 82.428 46.044 68.844
 71.583 53.755 35.738 22.752 20.860 17.294 73.814 50.962 71.482 21.278 16.208 62.091 29.404 31.533 85.609 87.250 18.011 82.519 82.883 19.732 71.583 53.755 35.738 22.752 20.860 17.294 73.814 50.962 71.482 21.278 16.208 62.091 29.404 31.533 85.609 87.250 18.011 82.519 82.883 19.732
 64.845 59.183 30.976 62.214 75.979 72.166 25.100 35.526 53.204 56.813 67.063 61.805 26.571 19.559 82.991 55.229 64.374 23.072 75.162 28.028 64.845 59.183 30.976 62.214 75.979 72.166 25.100 35.526 53.204 56.813 67.063 61.805 26.571 19.559 82.991 55.229 64.374 23.072 75.162 28.028
 37.543 25.582 65.585 83.145 28.756 58.276 78.679 37.712 41.243 23.153 82.829 35.120 74.986 20.627 85.591 58.570 60.276 70.369 30.726 24.155 37.543 25.582 65.585 83.145 28.756 58.276 78.679 37.712 41.243 23.153 82.829 35.120 74.986 20.627 85.591 58.570 60.276 70.369 30.726 24.155
 81.976 52.584 77.793 17.725 74.844 46.270 72.526 83.009 28.461  9.424 81.281 72.462 87.815 81.846 90.283 38.073 22.594 63.746 15.589 84.443 81.976 52.584 77.793 17.725 74.844 46.270 72.526 83.009 28.461  9.424 81.281 72.462 87.815 81.846 90.283 38.073 22.594 63.746 15.589 84.443
 38.032 52.588 27.451 28.881 60.790 49.442 37.682 31.032 47.622 30.809 34.727 34.231 50.146 24.116 13.078 71.369 55.160 21.747 15.539 64.439 38.032 52.588 27.451 28.881 60.790 49.442 37.682 31.032 47.622 30.809 34.727 34.231 50.146 24.116 13.078 71.369 55.160 21.747 15.539 64.439
 34.830 56.096 51.174 31.734 50.568 57.090 58.088 50.141 54.564 57.729 69.278 45.586 65.215 53.089 56.061 49.349 22.927 35.817 68.939 25.927 34.830 56.096 51.174 31.734 50.568 57.090 58.088 50.141 54.564 57.729 69.278 45.586 65.215 53.089 56.061 49.349 22.927 35.817 68.939 25.927
 67.389 37.704 44.202 46.019 49.523 32.438 27.094 30.641 48.985 71.447 69.918 64.891 56.411 61.506 41.303 43.782 57.432 49.901 51.194 64.572 67.389 37.704 44.202 46.019 49.523 32.438 27.094 30.641 48.985 71.447 69.918 64.891 56.411 61.506 41.303 43.782 57.432 49.901 51.194 64.572
 21.976 86.772 23.787 39.082 78.677 32.951 52.339 16.544 78.884 86.647 87.689 65.762 29.254 25.162 39.408 25.538 87.394 60.675 16.286 11.308 21.976 86.772 23.787 39.082 78.677 32.951 52.339 16.544 78.884 86.647 87.689 65.762 29.254 25.162 39.408 25.538 87.394 60.675 16.286 11.308
 21.488 44.444 30.925 52.757 72.375 84.749 39.174 53.423 74.062 53.536 25.219 71.843 52.297 76.128 62.963 62.575 42.201 35.151 78.169 38.372 21.488 44.444 30.925 52.757 72.375 84.749 39.174 53.423 74.062 53.536 25.219 71.843 52.297 76.128 62.963 62.575 42.201 35.151 78.169 38.372
 52.178 38.961 27.162 78.688 46.359 64.093 27.087 32.141 17.295 21.163 73.699 64.545 53.476 44.912 55.687 66.725 49.630 63.774 51.733 23.703 52.178 38.961 27.162 78.688 46.359 64.093 27.087 32.141 17.295 21.163 73.699 64.545 53.476 44.912 55.687 66.725 49.630 63.774 51.733 23.703
 49.155 48.734 72.573 61.216 27.497 80.660 87.744 49.868 53.372 81.791 52.215 45.579 87.952 41.804 54.133 39.281 85.867 84.292 51.209 64.263 49.155 48.734 72.573 61.216 27.497 80.660 87.744 49.868 53.372 81.791 52.215 45.579 87.952 41.804 54.133 39.281 85.867 84.292 51.209 64.263
 36.930 49.999 54.568 71.299 45.553 35.770 25.311 63.280 68.136 55.538 21.641 84.094 40.313 50.053 39.106 34.514 58.314 46.698 48.454 12.466 36.930 49.999 54.568 71.299 45.553 35.770 25.311 63.280 68.136 55.538 21.641 84.094 40.313 50.053 39.106 34.514 58.314 46.698 48.454 12.466
 67.366 46.776 65.729 33.293 30.326 21.996 71.341 65.171 40.891 17.231 15.901 54.993 54.411 33.315 36.176 29.435 56.884 18.159 17.235 33.328 67.366 46.776 65.729 33.293 30.326 21.996 71.341 65.171 40.891 17.231 15.901 54.993 54.411 33.315 36.176 29.435 56.884 18.159 17.235 33.328
 22.913 66.277 18.556 89.694 74.060 71.310 59.748 60.531 49.709 29.560 16.189 36.389 67.235 80.840 37.011 68.085 35.661 72.441 84.545 45.536 22.913 66.277 18.556 89.694 74.060 71.310 59.748 60.531 49.709 29.560 16.189 36.389 67.235 80.840 37.011 68.085 35.661 72.441 84.545 45.536
 65.399 78.408 75.145 40.224 37.563 38.803 62.589 14.806 59.150 65.914 24.115 25.458 53.115 66.751 60.322 60.354 16.164 72.541 31.737 69.115 65.399 78.408 75.145 40.224 37.563 38.803 62.589 14.806 59.150 65.914 24.115 25.458 53.115 66.751 60.322 60.354 16.164 72.541 31.737 69.115
 40.823 17.218 33.845 63.189 24.539  9.582 85.293 40.210 48.793 63.203 77.994 20.393 88.407 72.014 52.959 28.195 54.566 72.161 26.940 34.534 40.823 17.218 33.845 63.189 24.539  9.582 85.293 40.210 48.793 63.203 77.994 20.393 88.407 72.014 52.959 28.195 54.566 72.161 26.940 34.534
 63.568 76.967 33.277 55.232 44.252 74.199 68.315 43.994 25.283 44.037 37.662 72.131 56.185 46.470 58.969 26.768 66.281 25.260 63.720 42.337 63.568 76.967 33.277 55.232 44.252 74.199 68.315 43.994 25.283 44.037 37.662 72.131 56.185 46.470 58.969 26.768 66.281 25.260 63.720 42.337
 75.284 55.898 50.336 34.901 35.273 84.855 26.339 70.014 84.199 71.572 72.817 53.334 60.545 40.327 85.393 61.072 80.792 13.453 75.563 43.655 75.284 55.898 50.336 34.901 35.273 84.855 26.339 70.014 84.199 71.572 72.817 53.334 60.545 40.327 85.393 61.072 80.792 13.453 75.563 43.655

>> Numero de clusteres: 70. Numero de elementos en cada cluster:

  1728  1806  6260  1718  1698   713  1801   765  1695  1784
  7171  2779   730  1708  1866  1660 10129  6071  3373  5105
  3517  3550  3357  1769  7134   749  4384  5231  2771  1828
  2889  4615  3431  3498  1728  1668  3437  1659  2758  1753
  1811  1890  4483  2754   758  9549  4482  4404  1747  3449
  1822  1815  1712  3419  1793  1665  2888   703   729  1666
  4510  7151  1797  4566  2814  3372  4448  1755  3655  1747

>> Densidad de los clusters: a[i]

    43.13    54.26   138.49    42.08    39.19   222.06    53.16   222.89    38.07    51.10
   130.28    47.28   223.08    40.41    61.52    33.32    37.47   114.63   102.95   137.78
   109.20    95.57    83.78    48.71   125.45   223.41    84.11   140.14    46.47    56.41
    56.03   122.82    83.85   115.68    43.33    34.74   136.41    33.12    45.56    46.91
    54.19    63.93   107.19    45.34   222.45   145.69    86.95   101.59    45.91   105.51
    55.55    54.96    41.23   126.58    52.09    34.31    55.65   222.27   222.80    34.37
   118.63   133.79    52.41   117.81    49.69    80.65    97.22    46.99   131.86    46.18

>> Analisis de enfermedades (medianas) en los grupos

Enfermedad:  0 - mmax: 0.41 (grupo 25) - mmin: 0.38 (grupo 55)
Enfermedad:  1 - mmax: 0.60 (grupo  5) - mmin: 0.58 (grupo  3)
Enfermedad:  2 - mmax: 0.41 (grupo  8) - mmin: 0.38 (grupo  5)
Enfermedad:  3 - mmax: 0.61 (grupo 12) - mmin: 0.58 (grupo  0)
Enfermedad:  4 - mmax: 0.41 (grupo 44) - mmin: 0.38 (grupo 12)
Enfermedad:  5 - mmax: 0.62 (grupo 25) - mmin: 0.58 (grupo  0)
Enfermedad:  6 - mmax: 0.41 (grupo 14) - mmin: 0.38 (grupo  4)
Enfermedad:  7 - mmax: 0.63 (grupo 44) - mmin: 0.58 (grupo 39)
Enfermedad:  8 - mmax: 0.41 (grupo  5) - mmin: 0.38 (grupo  3)
Enfermedad:  9 - mmax: 0.61 (grupo  5) - mmin: 0.58 (grupo 23)
Enfermedad: 10 - mmax: 0.41 (grupo  7) - mmin: 0.38 (grupo  5)
Enfermedad: 11 - mmax: 0.61 (grupo 25) - mmin: 0.58 (grupo  5)
Enfermedad: 12 - mmax: 0.41 (grupo 34) - mmin: 0.38 (grupo 25)
Enfermedad: 13 - mmax: 0.62 (grupo  7) - mmin: 0.58 (grupo 35)
Enfermedad: 14 - mmax: 0.42 (grupo 25) - mmin: 0.38 (grupo  5)
Enfermedad: 15 - mmax: 0.61 (grupo  3) - mmin: 0.58 (grupo 25)
Enfermedad: 16 - mmax: 0.42 (grupo  7) - mmin: 0.37 (grupo 57)
Enfermedad: 17 - mmax: 0.61 (grupo 44) - mmin: 0.58 (grupo 12)
